[2024-05-30 13:52:35,773][root][INFO] - 

[2024-05-30 13:52:35,774][root][INFO] - ######################################################################################################################################################
[2024-05-30 13:52:35,774][root][INFO] -                                                        I will drop duplicates, I dont like them                                                       
[2024-05-30 13:52:35,774][root][INFO] - ######################################################################################################################################################
[2024-05-30 13:52:35,775][root][INFO] -                I will update past column adding all target columns, if you want to avoid this beahviour please use check_pass as false                
[2024-05-30 13:52:35,779][root][INFO] -      Can   handle multivariate output 
Can NOT  handle future covariates
Can   handle categorical covariates
Can   handle Quantile loss function      
[2024-05-30 13:52:35,781][root][INFO] - 

[2024-05-30 13:52:35,781][root][INFO] - ######################################################################################################################################################
[2024-05-30 13:52:35,781][root][INFO] - ####################################                                                                              ####################################
[2024-05-30 13:52:35,781][root][INFO] -                                                                   Setting the model                                                                   
[2024-05-30 13:52:35,781][root][INFO] - ####################################                                                                              ####################################
[2024-05-30 13:52:35,781][root][INFO] - ######################################################################################################################################################
[2024-05-30 13:52:35,781][root][INFO] - ITransformer(
  (loss): QuantileLossMO()
  (embs): ModuleList(
    (0): Embedding(25, 32)
    (1): Embedding(8, 32)
  )
  (enc_embedding): DataEmbedding_inverted(
    (value_embedding): Linear(in_features=168, out_features=32, bias=True)
    (dropout): Dropout(p=0.25, inplace=False)
  )
  (encoder): Encoder(
    (attn_layers): ModuleList(
      (0-1): 2 x EncoderLayer(
        (attention): AttentionLayer(
          (inner_attention): FullAttention(
            (dropout): Dropout(p=0.25, inplace=False)
          )
          (query_projection): Linear(in_features=32, out_features=32, bias=True)
          (key_projection): Linear(in_features=32, out_features=32, bias=True)
          (value_projection): Linear(in_features=32, out_features=32, bias=True)
          (out_projection): Linear(in_features=32, out_features=32, bias=True)
        )
        (conv1): Conv1d(32, 64, kernel_size=(1,), stride=(1,))
        (conv2): Conv1d(64, 32, kernel_size=(1,), stride=(1,))
        (norm1): LayerNorm((32,), eps=1e-05, elementwise_affine=True)
        (norm2): LayerNorm((32,), eps=1e-05, elementwise_affine=True)
        (dropout): Dropout(p=0.25, inplace=False)
        (activation): PReLU(num_parameters=1)
      )
    )
    (norm): LayerNorm((32,), eps=1e-05, elementwise_affine=True)
  )
  (projector): Linear(in_features=32, out_features=144, bias=True)
)
[2024-05-30 13:52:35,782][root][INFO] - 

[2024-05-30 13:52:35,782][root][INFO] - ######################################################################################################################################################
[2024-05-30 13:52:35,782][root][INFO] - ####################################                                                                              ####################################
[2024-05-30 13:52:35,782][root][INFO] -                                                                   Training the model                                                                  
[2024-05-30 13:52:35,782][root][INFO] - ####################################                                                                              ####################################
[2024-05-30 13:52:35,782][root][INFO] - ######################################################################################################################################################
[2024-05-30 13:52:35,782][root][INFO] - 

[2024-05-30 13:52:35,782][root][INFO] - ######################################################################################################################################################
[2024-05-30 13:52:35,782][root][INFO] - ###################################                                                                                ###################################
[2024-05-30 13:52:35,782][root][INFO] -                                                                  Splitting for train                                                                  
[2024-05-30 13:52:35,782][root][INFO] - ###################################                                                                                ###################################
[2024-05-30 13:52:35,782][root][INFO] - ######################################################################################################################################################
[2024-05-30 13:52:35,782][root][INFO] - 

[2024-05-30 13:52:35,782][root][INFO] - ######################################################################################################################################################
[2024-05-30 13:52:35,782][root][INFO] -                                               Split temporally using perc_train: 0.5 and perc_valid:0.4                                               
[2024-05-30 13:52:35,782][root][INFO] - ######################################################################################################################################################
[2024-05-30 13:52:35,783][root][INFO] - 

[2024-05-30 13:52:35,783][root][INFO] - ######################################################################################################################################################
[2024-05-30 13:52:35,783][root][INFO] - #########################                                                                                                    #########################
[2024-05-30 13:52:35,783][root][INFO] -                                                        Train categorical and numerical scalers                                                        
[2024-05-30 13:52:35,783][root][INFO] - #########################                                                                                                    #########################
[2024-05-30 13:52:35,783][root][INFO] - ######################################################################################################################################################
[2024-05-30 13:52:35,784][root][INFO] - 

[2024-05-30 13:52:35,784][root][INFO] - ######################################################################################################################################################
[2024-05-30 13:52:35,784][root][INFO] - ###################################                                                                                ###################################
[2024-05-30 13:52:35,784][root][INFO] -                                                                  Creating data loader                                                                 
[2024-05-30 13:52:35,784][root][INFO] - ###################################                                                                                ###################################
[2024-05-30 13:52:35,784][root][INFO] - ######################################################################################################################################################
[2024-05-30 13:52:35,892][root][INFO] - 

[2024-05-30 13:52:35,892][root][INFO] - ######################################################################################################################################################
[2024-05-30 13:52:35,892][root][INFO] - ###################################                                                                                ###################################
[2024-05-30 13:52:35,892][root][INFO] -                                                                  Creating data loader                                                                 
[2024-05-30 13:52:35,892][root][INFO] - ###################################                                                                                ###################################
[2024-05-30 13:52:35,892][root][INFO] - ######################################################################################################################################################
[2024-05-30 13:52:35,978][root][INFO] - 

[2024-05-30 13:52:35,978][root][INFO] - ######################################################################################################################################################
[2024-05-30 13:52:35,978][root][INFO] - ###################################                                                                                ###################################
[2024-05-30 13:52:35,978][root][INFO] -                                                                  Creating data loader                                                                 
[2024-05-30 13:52:35,978][root][INFO] - ###################################                                                                                ###################################
[2024-05-30 13:52:35,978][root][INFO] - ######################################################################################################################################################
[2024-05-30 13:52:35,999][root][INFO] - 

[2024-05-30 13:52:35,999][root][INFO] - ######################################################################################################################################################
[2024-05-30 13:52:35,999][root][INFO] -                                                         train:6324, validation:5016, test:1093                                                        
[2024-05-30 13:52:35,999][root][INFO] - ######################################################################################################################################################
[2024-05-30 13:52:36,013][root][INFO] - <class 'torch.optim.adam.Adam'>
[2024-05-30 13:52:37,006][root][INFO] -                                                Epoch: 0 train error: -100.0000 validation loss: 46.0576                                               
[2024-05-30 13:52:49,159][root][INFO] -                                                Epoch: 0 train error: -100.0000 validation loss: 57.7143                                               
[2024-05-30 13:52:49,176][root][INFO] - <class 'torch.optim.adam.Adam'>
[2024-05-30 13:52:49,197][root][INFO] -                                                 Epoch: 1 train error: 42.7844 validation loss: 48.7244                                                
[2024-05-30 13:52:52,392][root][INFO] -                                                 Epoch: 1 train error: 42.7844 validation loss: 20.6828                                                
[2024-05-30 13:52:52,423][root][INFO] -      Can   handle multivariate output 
Can NOT  handle future covariates
Can   handle categorical covariates
Can   handle Quantile loss function      
[2024-05-30 13:52:52,425][root][INFO] -                                          Can not extract the validation loss, maybe it is a persistent model                                          
[2024-05-30 13:52:52,425][root][INFO] - 

[2024-05-30 13:52:52,425][root][INFO] - ######################################################################################################################################################
[2024-05-30 13:52:52,425][root][INFO] - ###############################                                                                                        ###############################
[2024-05-30 13:52:52,425][root][INFO] -                                                              END of the training process                                                              
[2024-05-30 13:52:52,425][root][INFO] - ###############################                                                                                        ###############################
[2024-05-30 13:52:52,425][root][INFO] - ######################################################################################################################################################
[2024-05-30 13:52:52,425][root][INFO] - 

[2024-05-30 13:52:52,425][root][INFO] - ######################################################################################################################################################
[2024-05-30 13:52:52,425][root][INFO] - ##########################################                                                                  ##########################################
[2024-05-30 13:52:52,425][root][INFO] -                                                                         Saving                                                                        
[2024-05-30 13:52:52,425][root][INFO] - ##########################################                                                                  ##########################################
[2024-05-30 13:52:52,425][root][INFO] - ######################################################################################################################################################
