[2024-05-30 14:04:51,210][root][INFO] - 

[2024-05-30 14:04:51,210][root][INFO] - ######################################################################################################################################################
[2024-05-30 14:04:51,210][root][INFO] -                                                        I will drop duplicates, I dont like them                                                       
[2024-05-30 14:04:51,210][root][INFO] - ######################################################################################################################################################
[2024-05-30 14:04:51,213][root][INFO] -                I will update past column adding all target columns, if you want to avoid this beahviour please use check_pass as false                
[2024-05-30 14:04:51,214][root][INFO] - 

[2024-05-30 14:04:51,214][root][INFO] - ######################################################################################################################################################
[2024-05-30 14:04:51,214][root][INFO] - #########################################                                                                    #########################################
[2024-05-30 14:04:51,214][root][INFO] -                                                                        Loading                                                                        
[2024-05-30 14:04:51,214][root][INFO] - #########################################                                                                    #########################################
[2024-05-30 14:04:51,214][root][INFO] - ######################################################################################################################################################
[2024-05-30 14:04:51,216][root][INFO] -      Can   handle multivariate output 
Can NOT  handle future covariates
Can   handle categorical covariates
Can   handle Quantile loss function      
[2024-05-30 14:04:51,226][root][INFO] -      Can   handle multivariate output 
Can NOT  handle future covariates
Can   handle categorical covariates
Can   handle Quantile loss function      
[2024-05-30 14:04:51,251][root][INFO] - 

[2024-05-30 14:04:51,251][root][INFO] - ######################################################################################################################################################
[2024-05-30 14:04:51,251][root][INFO] - ##############################                                                                                          ##############################
[2024-05-30 14:04:51,251][root][INFO] -                                                             Inference on a custom dataset                                                             
[2024-05-30 14:04:51,251][root][INFO] - ##############################                                                                                          ##############################
[2024-05-30 14:04:51,251][root][INFO] - ######################################################################################################################################################
[2024-05-30 14:04:51,251][root][INFO] - 

[2024-05-30 14:04:51,251][root][INFO] - ######################################################################################################################################################
[2024-05-30 14:04:51,251][root][INFO] -                                                      Detected minumum frequency: 0 days 01:00:00                                                      
[2024-05-30 14:04:51,251][root][INFO] - ######################################################################################################################################################
[2024-05-30 14:04:51,254][root][INFO] - 

[2024-05-30 14:04:51,254][root][INFO] - ######################################################################################################################################################
[2024-05-30 14:04:51,254][root][INFO] - ###################################                                                                                ###################################
[2024-05-30 14:04:51,254][root][INFO] -                                                                  Creating data loader                                                                 
[2024-05-30 14:04:51,254][root][INFO] - ###################################                                                                                ###################################
[2024-05-30 14:04:51,254][root][INFO] - ######################################################################################################################################################
[2024-05-30 14:04:51,297][root][INFO] - 

[2024-05-30 14:04:51,298][root][INFO] - ######################################################################################################################################################
[2024-05-30 14:04:51,298][root][INFO] - ######################                                                                                                          ######################
[2024-05-30 14:04:51,298][root][INFO] -                                                     Inference on a set (train, validation o test)                                                     
[2024-05-30 14:04:51,298][root][INFO] - ######################                                                                                                          ######################
[2024-05-30 14:04:51,298][root][INFO] - ######################################################################################################################################################
[2024-05-30 14:04:51,299][root][INFO] -                                                                    Device used: cpu                                                                   
[2024-05-30 14:04:52,474][root][INFO] -                                                                      Scaling back                                                                     
