[2024-05-31 15:15:06,920][root][INFO] - ###############LOADING DATA##################
[2024-05-31 15:15:06,944][root][INFO] - 

[2024-05-31 15:15:06,944][root][INFO] - ######################################################################################################################################################
[2024-05-31 15:15:06,944][root][INFO] -                                                        I will drop duplicates, I dont like them                                                       
[2024-05-31 15:15:06,944][root][INFO] - ######################################################################################################################################################
[2024-05-31 15:15:06,946][root][INFO] -                I will update past column adding all target columns, if you want to avoid this beahviour please use check_pass as false                
[2024-05-31 15:15:06,948][root][INFO] - 

[2024-05-31 15:15:06,948][root][INFO] - ######################################################################################################################################################
[2024-05-31 15:15:06,948][root][INFO] - #########################################                                                                    #########################################
[2024-05-31 15:15:06,948][root][INFO] -                                                                        Loading                                                                        
[2024-05-31 15:15:06,948][root][INFO] - #########################################                                                                    #########################################
[2024-05-31 15:15:06,948][root][INFO] - ######################################################################################################################################################
[2024-05-31 15:15:06,950][root][INFO] -      Can   handle multivariate output 
Can NOT  handle future covariates
Can   handle categorical covariates
Can   handle Quantile loss function      
[2024-05-31 15:15:06,959][root][INFO] -      Can   handle multivariate output 
Can NOT  handle future covariates
Can   handle categorical covariates
Can   handle Quantile loss function      
[2024-05-31 15:15:07,094][root][INFO] - 

[2024-05-31 15:15:07,094][root][INFO] - ######################################################################################################################################################
[2024-05-31 15:15:07,094][root][INFO] - ##############################                                                                                          ##############################
[2024-05-31 15:15:07,094][root][INFO] -                                                             Inference on a custom dataset                                                             
[2024-05-31 15:15:07,094][root][INFO] - ##############################                                                                                          ##############################
[2024-05-31 15:15:07,094][root][INFO] - ######################################################################################################################################################
[2024-05-31 15:15:07,094][root][INFO] - 

[2024-05-31 15:15:07,094][root][INFO] - ######################################################################################################################################################
[2024-05-31 15:15:07,094][root][INFO] -                                                      Detected minumum frequency: 0 days 01:00:00                                                      
[2024-05-31 15:15:07,094][root][INFO] - ######################################################################################################################################################
[2024-05-31 15:15:07,098][root][INFO] - 

[2024-05-31 15:15:07,098][root][INFO] - ######################################################################################################################################################
[2024-05-31 15:15:07,098][root][INFO] - ###################################                                                                                ###################################
[2024-05-31 15:15:07,098][root][INFO] -                                                                  Creating data loader                                                                 
[2024-05-31 15:15:07,098][root][INFO] - ###################################                                                                                ###################################
[2024-05-31 15:15:07,098][root][INFO] - ######################################################################################################################################################
[2024-05-31 15:15:07,145][root][INFO] - 

[2024-05-31 15:15:07,145][root][INFO] - ######################################################################################################################################################
[2024-05-31 15:15:07,145][root][INFO] - ######################                                                                                                          ######################
[2024-05-31 15:15:07,145][root][INFO] -                                                     Inference on a set (train, validation o test)                                                     
[2024-05-31 15:15:07,145][root][INFO] - ######################                                                                                                          ######################
[2024-05-31 15:15:07,145][root][INFO] - ######################################################################################################################################################
[2024-05-31 15:15:07,146][root][INFO] -                                                                    Device used: cpu                                                                   
[2024-05-31 15:15:08,238][root][INFO] -                                                                      Scaling back                                                                     
[2024-05-31 15:15:09,316][root][INFO] -    lag                time        y     y_low  y_median    y_high     prediction_time
0    1 2022-11-21 19:00:00  0.08425  0.043183  0.070136  0.189421 2022-11-21 18:00:00
1    1 2022-11-21 20:00:00  0.08125  0.043449  0.073277  0.194560 2022-11-21 19:00:00
2    1 2022-11-21 21:00:00  0.08200  0.042459  0.075055  0.194285 2022-11-21 20:00:00
3    1 2022-11-21 22:00:00  0.08800  0.044609  0.066097  0.193589 2022-11-21 21:00:00
4    1 2022-11-21 23:00:00  0.08875  0.043864  0.065719  0.188494 2022-11-21 22:00:00
