[2024-05-31 14:28:23,021][root][INFO] - ###############LOADING DATA##################
[2024-05-31 14:28:23,044][root][INFO] - 

[2024-05-31 14:28:23,044][root][INFO] - ######################################################################################################################################################
[2024-05-31 14:28:23,044][root][INFO] -                                                        I will drop duplicates, I dont like them                                                       
[2024-05-31 14:28:23,044][root][INFO] - ######################################################################################################################################################
[2024-05-31 14:28:23,046][root][INFO] -                I will update past column adding all target columns, if you want to avoid this beahviour please use check_pass as false                
[2024-05-31 14:28:23,049][root][INFO] - {'perc_train': 0.5, 'perc_valid': 0.4, 'shift': 0, 'skip_step': 1, 'range_train': None, 'range_validation': None, 'range_test': None, 'starting_point': None, 'past_steps': None, 'future_steps': None}
[2024-05-31 14:28:23,050][root][INFO] -      Can   handle multivariate output 
Can NOT  handle future covariates
Can   handle categorical covariates
Can   handle Quantile loss function      
[2024-05-31 14:28:23,053][root][INFO] - 

[2024-05-31 14:28:23,053][root][INFO] - ######################################################################################################################################################
[2024-05-31 14:28:23,053][root][INFO] - ####################################                                                                              ####################################
[2024-05-31 14:28:23,053][root][INFO] -                                                                   Setting the model                                                                   
[2024-05-31 14:28:23,053][root][INFO] - ####################################                                                                              ####################################
[2024-05-31 14:28:23,053][root][INFO] - ######################################################################################################################################################
[2024-05-31 14:28:23,053][root][INFO] - ITransformer(
  (loss): QuantileLossMO()
  (embs): ModuleList(
    (0): Embedding(25, 32)
    (1): Embedding(8, 32)
  )
  (enc_embedding): DataEmbedding_inverted(
    (value_embedding): Linear(in_features=168, out_features=32, bias=True)
    (dropout): Dropout(p=0.25, inplace=False)
  )
  (encoder): Encoder(
    (attn_layers): ModuleList(
      (0-1): 2 x EncoderLayer(
        (attention): AttentionLayer(
          (inner_attention): FullAttention(
            (dropout): Dropout(p=0.25, inplace=False)
          )
          (query_projection): Linear(in_features=32, out_features=32, bias=True)
          (key_projection): Linear(in_features=32, out_features=32, bias=True)
          (value_projection): Linear(in_features=32, out_features=32, bias=True)
          (out_projection): Linear(in_features=32, out_features=32, bias=True)
        )
        (conv1): Conv1d(32, 64, kernel_size=(1,), stride=(1,))
        (conv2): Conv1d(64, 32, kernel_size=(1,), stride=(1,))
        (norm1): LayerNorm((32,), eps=1e-05, elementwise_affine=True)
        (norm2): LayerNorm((32,), eps=1e-05, elementwise_affine=True)
        (dropout): Dropout(p=0.25, inplace=False)
        (activation): PReLU(num_parameters=1)
      )
    )
    (norm): LayerNorm((32,), eps=1e-05, elementwise_affine=True)
  )
  (projector): Linear(in_features=32, out_features=144, bias=True)
)
[2024-05-31 14:28:23,054][root][INFO] - 

[2024-05-31 14:28:23,054][root][INFO] - ######################################################################################################################################################
[2024-05-31 14:28:23,054][root][INFO] - ####################################                                                                              ####################################
[2024-05-31 14:28:23,054][root][INFO] -                                                                   Training the model                                                                  
[2024-05-31 14:28:23,054][root][INFO] - ####################################                                                                              ####################################
[2024-05-31 14:28:23,054][root][INFO] - ######################################################################################################################################################
[2024-05-31 14:28:23,054][root][INFO] - 

[2024-05-31 14:28:23,054][root][INFO] - ######################################################################################################################################################
[2024-05-31 14:28:23,054][root][INFO] - ###################################                                                                                ###################################
[2024-05-31 14:28:23,054][root][INFO] -                                                                  Splitting for train                                                                  
[2024-05-31 14:28:23,054][root][INFO] - ###################################                                                                                ###################################
[2024-05-31 14:28:23,054][root][INFO] - ######################################################################################################################################################
[2024-05-31 14:28:23,054][root][INFO] - 

[2024-05-31 14:28:23,054][root][INFO] - ######################################################################################################################################################
[2024-05-31 14:28:23,054][root][INFO] -                                               Split temporally using perc_train: 0.5 and perc_valid:0.4                                               
[2024-05-31 14:28:23,054][root][INFO] - ######################################################################################################################################################
[2024-05-31 14:28:23,054][root][INFO] - 

[2024-05-31 14:28:23,054][root][INFO] - ######################################################################################################################################################
[2024-05-31 14:28:23,054][root][INFO] - #########################                                                                                                    #########################
[2024-05-31 14:28:23,054][root][INFO] -                                                        Train categorical and numerical scalers                                                        
[2024-05-31 14:28:23,054][root][INFO] - #########################                                                                                                    #########################
[2024-05-31 14:28:23,054][root][INFO] - ######################################################################################################################################################
[2024-05-31 14:28:23,056][root][INFO] - 

[2024-05-31 14:28:23,056][root][INFO] - ######################################################################################################################################################
[2024-05-31 14:28:23,056][root][INFO] - ###################################                                                                                ###################################
[2024-05-31 14:28:23,056][root][INFO] -                                                                  Creating data loader                                                                 
[2024-05-31 14:28:23,056][root][INFO] - ###################################                                                                                ###################################
[2024-05-31 14:28:23,056][root][INFO] - ######################################################################################################################################################
[2024-05-31 14:28:23,170][root][INFO] - 

[2024-05-31 14:28:23,170][root][INFO] - ######################################################################################################################################################
[2024-05-31 14:28:23,170][root][INFO] - ###################################                                                                                ###################################
[2024-05-31 14:28:23,170][root][INFO] -                                                                  Creating data loader                                                                 
[2024-05-31 14:28:23,170][root][INFO] - ###################################                                                                                ###################################
[2024-05-31 14:28:23,170][root][INFO] - ######################################################################################################################################################
[2024-05-31 14:28:23,265][root][INFO] - 

[2024-05-31 14:28:23,265][root][INFO] - ######################################################################################################################################################
[2024-05-31 14:28:23,265][root][INFO] - ###################################                                                                                ###################################
[2024-05-31 14:28:23,265][root][INFO] -                                                                  Creating data loader                                                                 
[2024-05-31 14:28:23,265][root][INFO] - ###################################                                                                                ###################################
[2024-05-31 14:28:23,265][root][INFO] - ######################################################################################################################################################
[2024-05-31 14:28:23,290][root][INFO] - 

[2024-05-31 14:28:23,290][root][INFO] - ######################################################################################################################################################
[2024-05-31 14:28:23,290][root][INFO] -                                                         train:6324, validation:5016, test:1093                                                        
[2024-05-31 14:28:23,290][root][INFO] - ######################################################################################################################################################
[2024-05-31 14:28:23,306][root][INFO] - <class 'torch.optim.adam.Adam'>
[2024-05-31 14:28:24,246][root][INFO] -                                                Epoch: 0 train error: -100.0000 validation loss: 44.4902                                               
[2024-05-31 14:28:35,939][root][INFO] -                                               Epoch: 0 train error: -100.0000 validation loss: 162.7701                                               
[2024-05-31 14:28:36,225][root][INFO] - <class 'torch.optim.adam.Adam'>
[2024-05-31 14:28:36,250][root][INFO] -                                                Epoch: 2 train error: 280.1298 validation loss: 47.0593                                                
[2024-05-31 14:28:39,482][root][INFO] -                                                Epoch: 2 train error: 280.1298 validation loss: 20.4505                                                
[2024-05-31 14:28:42,768][root][INFO] -                                                 Epoch: 3 train error: 30.4239 validation loss: 19.2878                                                
[2024-05-31 14:28:42,797][root][INFO] -      Can   handle multivariate output 
Can NOT  handle future covariates
Can   handle categorical covariates
Can   handle Quantile loss function      
[2024-05-31 14:28:42,799][root][INFO] - 

[2024-05-31 14:28:42,800][root][INFO] - ######################################################################################################################################################
[2024-05-31 14:28:42,800][root][INFO] - ###############################                                                                                        ###############################
[2024-05-31 14:28:42,800][root][INFO] -                                                              END of the training process                                                              
[2024-05-31 14:28:42,800][root][INFO] - ###############################                                                                                        ###############################
[2024-05-31 14:28:42,800][root][INFO] - ######################################################################################################################################################
[2024-05-31 14:28:42,800][root][INFO] - 

[2024-05-31 14:28:42,800][root][INFO] - ######################################################################################################################################################
[2024-05-31 14:28:42,800][root][INFO] - ##########################################                                                                  ##########################################
[2024-05-31 14:28:42,800][root][INFO] -                                                                         Saving                                                                        
[2024-05-31 14:28:42,800][root][INFO] - ##########################################                                                                  ##########################################
[2024-05-31 14:28:42,800][root][INFO] - ######################################################################################################################################################
[2024-05-31 14:28:42,803][root][INFO] - Model trained with validation loss = 19.2878
