[2024-05-30 13:51:25,712][root][INFO] - 

[2024-05-30 13:51:25,712][root][INFO] - ######################################################################################################################################################
[2024-05-30 13:51:25,712][root][INFO] -                                                        I will drop duplicates, I dont like them                                                       
[2024-05-30 13:51:25,712][root][INFO] - ######################################################################################################################################################
[2024-05-30 13:51:25,714][root][INFO] -                I will update past column adding all target columns, if you want to avoid this beahviour please use check_pass as false                
[2024-05-30 13:51:25,716][root][INFO] -      Can   handle multivariate output 
Can NOT  handle future covariates
Can   handle categorical covariates
Can   handle Quantile loss function      
[2024-05-30 13:51:25,720][root][INFO] - 

[2024-05-30 13:51:25,720][root][INFO] - ######################################################################################################################################################
[2024-05-30 13:51:25,720][root][INFO] - ####################################                                                                              ####################################
[2024-05-30 13:51:25,720][root][INFO] -                                                                   Setting the model                                                                   
[2024-05-30 13:51:25,720][root][INFO] - ####################################                                                                              ####################################
[2024-05-30 13:51:25,720][root][INFO] - ######################################################################################################################################################
[2024-05-30 13:51:25,720][root][INFO] - ITransformer(
  (loss): QuantileLossMO()
  (embs): ModuleList(
    (0): Embedding(8, 32)
    (1): Embedding(25, 32)
  )
  (enc_embedding): DataEmbedding_inverted(
    (value_embedding): Linear(in_features=168, out_features=32, bias=True)
    (dropout): Dropout(p=0.25, inplace=False)
  )
  (encoder): Encoder(
    (attn_layers): ModuleList(
      (0-1): 2 x EncoderLayer(
        (attention): AttentionLayer(
          (inner_attention): FullAttention(
            (dropout): Dropout(p=0.25, inplace=False)
          )
          (query_projection): Linear(in_features=32, out_features=32, bias=True)
          (key_projection): Linear(in_features=32, out_features=32, bias=True)
          (value_projection): Linear(in_features=32, out_features=32, bias=True)
          (out_projection): Linear(in_features=32, out_features=32, bias=True)
        )
        (conv1): Conv1d(32, 64, kernel_size=(1,), stride=(1,))
        (conv2): Conv1d(64, 32, kernel_size=(1,), stride=(1,))
        (norm1): LayerNorm((32,), eps=1e-05, elementwise_affine=True)
        (norm2): LayerNorm((32,), eps=1e-05, elementwise_affine=True)
        (dropout): Dropout(p=0.25, inplace=False)
        (activation): PReLU(num_parameters=1)
      )
    )
    (norm): LayerNorm((32,), eps=1e-05, elementwise_affine=True)
  )
  (projector): Linear(in_features=32, out_features=144, bias=True)
)
[2024-05-30 13:51:25,721][root][INFO] - 

[2024-05-30 13:51:25,721][root][INFO] - ######################################################################################################################################################
[2024-05-30 13:51:25,721][root][INFO] - ####################################                                                                              ####################################
[2024-05-30 13:51:25,721][root][INFO] -                                                                   Training the model                                                                  
[2024-05-30 13:51:25,721][root][INFO] - ####################################                                                                              ####################################
[2024-05-30 13:51:25,721][root][INFO] - ######################################################################################################################################################
[2024-05-30 13:51:25,721][root][INFO] - 

[2024-05-30 13:51:25,721][root][INFO] - ######################################################################################################################################################
[2024-05-30 13:51:25,721][root][INFO] - ###################################                                                                                ###################################
[2024-05-30 13:51:25,721][root][INFO] -                                                                  Splitting for train                                                                  
[2024-05-30 13:51:25,721][root][INFO] - ###################################                                                                                ###################################
[2024-05-30 13:51:25,721][root][INFO] - ######################################################################################################################################################
[2024-05-30 13:51:25,721][root][INFO] - 

[2024-05-30 13:51:25,721][root][INFO] - ######################################################################################################################################################
[2024-05-30 13:51:25,721][root][INFO] -                                               Split temporally using perc_train: 0.5 and perc_valid:0.4                                               
[2024-05-30 13:51:25,721][root][INFO] - ######################################################################################################################################################
[2024-05-30 13:51:25,721][root][INFO] - 

[2024-05-30 13:51:25,721][root][INFO] - ######################################################################################################################################################
[2024-05-30 13:51:25,721][root][INFO] - #########################                                                                                                    #########################
[2024-05-30 13:51:25,721][root][INFO] -                                                        Train categorical and numerical scalers                                                        
[2024-05-30 13:51:25,721][root][INFO] - #########################                                                                                                    #########################
[2024-05-30 13:51:25,721][root][INFO] - ######################################################################################################################################################
[2024-05-30 13:51:25,723][root][INFO] - 

[2024-05-30 13:51:25,723][root][INFO] - ######################################################################################################################################################
[2024-05-30 13:51:25,723][root][INFO] - ###################################                                                                                ###################################
[2024-05-30 13:51:25,723][root][INFO] -                                                                  Creating data loader                                                                 
[2024-05-30 13:51:25,723][root][INFO] - ###################################                                                                                ###################################
[2024-05-30 13:51:25,723][root][INFO] - ######################################################################################################################################################
[2024-05-30 13:51:25,828][root][INFO] - 

[2024-05-30 13:51:25,828][root][INFO] - ######################################################################################################################################################
[2024-05-30 13:51:25,828][root][INFO] - ###################################                                                                                ###################################
[2024-05-30 13:51:25,828][root][INFO] -                                                                  Creating data loader                                                                 
[2024-05-30 13:51:25,828][root][INFO] - ###################################                                                                                ###################################
[2024-05-30 13:51:25,828][root][INFO] - ######################################################################################################################################################
[2024-05-30 13:51:25,908][root][INFO] - 

[2024-05-30 13:51:25,908][root][INFO] - ######################################################################################################################################################
[2024-05-30 13:51:25,908][root][INFO] - ###################################                                                                                ###################################
[2024-05-30 13:51:25,908][root][INFO] -                                                                  Creating data loader                                                                 
[2024-05-30 13:51:25,908][root][INFO] - ###################################                                                                                ###################################
[2024-05-30 13:51:25,908][root][INFO] - ######################################################################################################################################################
[2024-05-30 13:51:25,927][root][INFO] - 

[2024-05-30 13:51:25,927][root][INFO] - ######################################################################################################################################################
[2024-05-30 13:51:25,927][root][INFO] -                                                         train:6324, validation:5016, test:1093                                                        
[2024-05-30 13:51:25,928][root][INFO] - ######################################################################################################################################################
[2024-05-30 13:51:25,944][root][INFO] - <class 'torch.optim.adam.Adam'>
