[2024-05-30 14:04:31,965][root][INFO] - 

[2024-05-30 14:04:31,965][root][INFO] - ######################################################################################################################################################
[2024-05-30 14:04:31,965][root][INFO] -                                                        I will drop duplicates, I dont like them                                                       
[2024-05-30 14:04:31,965][root][INFO] - ######################################################################################################################################################
[2024-05-30 14:04:31,968][root][INFO] -                I will update past column adding all target columns, if you want to avoid this beahviour please use check_pass as false                
[2024-05-30 14:04:31,969][root][INFO] - 

[2024-05-30 14:04:31,969][root][INFO] - ######################################################################################################################################################
[2024-05-30 14:04:31,969][root][INFO] - #########################################                                                                    #########################################
[2024-05-30 14:04:31,969][root][INFO] -                                                                        Loading                                                                        
[2024-05-30 14:04:31,969][root][INFO] - #########################################                                                                    #########################################
[2024-05-30 14:04:31,969][root][INFO] - ######################################################################################################################################################
[2024-05-30 14:04:31,971][root][INFO] -      Can   handle multivariate output 
Can NOT  handle future covariates
Can   handle categorical covariates
Can   handle Quantile loss function      
[2024-05-30 14:04:31,980][root][INFO] -      Can   handle multivariate output 
Can NOT  handle future covariates
Can   handle categorical covariates
Can   handle Quantile loss function      
[2024-05-30 14:04:32,004][root][INFO] - 

[2024-05-30 14:04:32,004][root][INFO] - ######################################################################################################################################################
[2024-05-30 14:04:32,004][root][INFO] - ##############################                                                                                          ##############################
[2024-05-30 14:04:32,004][root][INFO] -                                                             Inference on a custom dataset                                                             
[2024-05-30 14:04:32,004][root][INFO] - ##############################                                                                                          ##############################
[2024-05-30 14:04:32,004][root][INFO] - ######################################################################################################################################################
[2024-05-30 14:04:32,005][root][INFO] - 

[2024-05-30 14:04:32,005][root][INFO] - ######################################################################################################################################################
[2024-05-30 14:04:32,005][root][INFO] -                                                      Detected minumum frequency: 0 days 01:00:00                                                      
[2024-05-30 14:04:32,005][root][INFO] - ######################################################################################################################################################
[2024-05-30 14:04:32,007][root][INFO] - 

[2024-05-30 14:04:32,007][root][INFO] - ######################################################################################################################################################
[2024-05-30 14:04:32,007][root][INFO] - ###################################                                                                                ###################################
[2024-05-30 14:04:32,007][root][INFO] -                                                                  Creating data loader                                                                 
[2024-05-30 14:04:32,007][root][INFO] - ###################################                                                                                ###################################
[2024-05-30 14:04:32,007][root][INFO] - ######################################################################################################################################################
[2024-05-30 14:04:32,049][root][INFO] - 

[2024-05-30 14:04:32,049][root][INFO] - ######################################################################################################################################################
[2024-05-30 14:04:32,049][root][INFO] - ######################                                                                                                          ######################
[2024-05-30 14:04:32,049][root][INFO] -                                                     Inference on a set (train, validation o test)                                                     
[2024-05-30 14:04:32,049][root][INFO] - ######################                                                                                                          ######################
[2024-05-30 14:04:32,050][root][INFO] - ######################################################################################################################################################
[2024-05-30 14:04:32,050][root][INFO] -                                                                    Device used: cpu                                                                   
[2024-05-30 14:04:33,010][root][INFO] -                                                                      Scaling back                                                                     
